Started GET "/" for 127.0.0.1 at 2021-03-18 09:58:49 +0100
  [1m[35m (1.7ms)[0m  [1m[34mSELECT sqlite_version(*)[0m
Processing by Rails::WelcomeController#index as HTML
  Rendering /home/vmadmin/.rvm/gems/ruby-2.7.2/gems/railties-6.1.3/lib/rails/templates/rails/welcome/index.html.erb
  Rendered /home/vmadmin/.rvm/gems/ruby-2.7.2/gems/railties-6.1.3/lib/rails/templates/rails/welcome/index.html.erb (Duration: 15.5ms | Allocations: 438)
Completed 200 OK in 41ms (Views: 23.0ms | ActiveRecord: 0.0ms | Allocations: 3567)


Started GET "/users/sign_up" for 127.0.0.1 at 2021-03-18 10:00:09 +0100
  
ActionController::RoutingError (No route matches [GET] "/users/sign_up"):
  
DEPRECATION WARNING: [] is deprecated and will be removed from Rails 6.2 (Use configs_for) (called from migration_template at (erb):6)
DEPRECATION WARNING: [] is deprecated and will be removed from Rails 6.2 (Use configs_for) (called from migration_template at (erb):6)
DEPRECATION WARNING: [] is deprecated and will be removed from Rails 6.2 (Use configs_for) (called from <main> at /home/vmadmin/workspace/instagram/bin/rails:5)
DEPRECATION WARNING: [] is deprecated and will be removed from Rails 6.2 (Use configs_for) (called from <main> at /home/vmadmin/workspace/instagram/bin/rails:5)
DEPRECATION WARNING: [] is deprecated and will be removed from Rails 6.2 (Use configs_for) (called from <main> at /home/vmadmin/workspace/instagram/bin/rails:5)
DEPRECATION WARNING: [] is deprecated and will be removed from Rails 6.2 (Use configs_for) (called from <main> at /home/vmadmin/workspace/instagram/bin/rails:5)
DEPRECATION WARNING: [] is deprecated and will be removed from Rails 6.2 (Use configs_for) (called from <main> at /home/vmadmin/workspace/instagram/bin/rails:5)
  [1m[35m (0.3ms)[0m  [1m[34mSELECT sqlite_version(*)[0m
  [1m[35m (5.4ms)[0m  [1m[35mCREATE TABLE "schema_migrations" ("version" varchar NOT NULL PRIMARY KEY)[0m
  [1m[35m (5.4ms)[0m  [1m[35mCREATE TABLE "ar_internal_metadata" ("key" varchar NOT NULL PRIMARY KEY, "value" varchar, "created_at" datetime(6) NOT NULL, "updated_at" datetime(6) NOT NULL)[0m
  [1m[35m (0.1ms)[0m  [1m[34mSELECT "schema_migrations"."version" FROM "schema_migrations" ORDER BY "schema_migrations"."version" ASC[0m
Migrating to DeviseCreateUsers (20210318090723)
  [1m[36mTRANSACTION (0.0ms)[0m  [1m[36mbegin transaction[0m
  [1m[35m (2.9ms)[0m  [1m[35mCREATE TABLE "users" ("id" integer PRIMARY KEY AUTOINCREMENT NOT NULL, "email" varchar DEFAULT '' NOT NULL, "encrypted_password" varchar DEFAULT '' NOT NULL, "reset_password_token" varchar, "reset_password_sent_at" datetime, "remember_created_at" datetime, "created_at" datetime(6) NOT NULL, "updated_at" datetime(6) NOT NULL)[0m
  [1m[35m (0.1ms)[0m  [1m[35mCREATE UNIQUE INDEX "index_users_on_email" ON "users" ("email")[0m
  [1m[35m (0.1ms)[0m  [1m[35mCREATE UNIQUE INDEX "index_users_on_reset_password_token" ON "users" ("reset_password_token")[0m
  [1m[36mActiveRecord::SchemaMigration Create (4.5ms)[0m  [1m[32mINSERT INTO "schema_migrations" ("version") VALUES (?)[0m  [["version", "20210318090723"]]
  [1m[36mTRANSACTION (5.5ms)[0m  [1m[36mcommit transaction[0m
  [1m[36mActiveRecord::InternalMetadata Load (0.1ms)[0m  [1m[34mSELECT "ar_internal_metadata".* FROM "ar_internal_metadata" WHERE "ar_internal_metadata"."key" = ? LIMIT ?[0m  [["key", "environment"], ["LIMIT", 1]]
  [1m[36mTRANSACTION (0.0ms)[0m  [1m[36mbegin transaction[0m
  [1m[36mActiveRecord::InternalMetadata Create (3.2ms)[0m  [1m[32mINSERT INTO "ar_internal_metadata" ("key", "value", "created_at", "updated_at") VALUES (?, ?, ?, ?)[0m  [["key", "environment"], ["value", "development"], ["created_at", "2021-03-18 09:08:02.265624"], ["updated_at", "2021-03-18 09:08:02.265624"]]
  [1m[36mTRANSACTION (3.9ms)[0m  [1m[36mcommit transaction[0m
  [1m[35m (0.0ms)[0m  [1m[34mSELECT sqlite_version(*)[0m
  [1m[35m (0.1ms)[0m  [1m[34mSELECT "schema_migrations"."version" FROM "schema_migrations" ORDER BY "schema_migrations"."version" ASC[0m
Started GET "/users/sign_up" for 127.0.0.1 at 2021-03-18 10:08:25 +0100
  [1m[35m (0.3ms)[0m  [1m[34mSELECT sqlite_version(*)[0m
  [1m[35m (0.1ms)[0m  [1m[34mSELECT "schema_migrations"."version" FROM "schema_migrations" ORDER BY "schema_migrations"."version" ASC[0m
Processing by Devise::RegistrationsController#new as HTML
  Rendering layout layouts/application.html.erb
  Rendering devise/registrations/new.html.erb within layouts/application
  Rendered devise/shared/_error_messages.html.erb (Duration: 0.4ms | Allocations: 223)
  Rendered devise/shared/_links.html.erb (Duration: 0.6ms | Allocations: 532)
  Rendered devise/registrations/new.html.erb within layouts/application (Duration: 43.5ms | Allocations: 7517)
[Webpacker] Compiling...
[Webpacker] Compiled all packs in /home/vmadmin/workspace/instagram/public/packs
[Webpacker] Hash: e332c6419728fac579d5
Version: webpack 4.46.0
Time: 2924ms
Built at: 2021-03-18 10:08:31
                                     Asset       Size       Chunks                         Chunk Names
    js/application-f826770d917d8a37c1d8.js    125 KiB  application  [emitted] [immutable]  application
js/application-f826770d917d8a37c1d8.js.map    139 KiB  application  [emitted] [dev]        application
                             manifest.json  364 bytes               [emitted]              
Entrypoint application = js/application-f826770d917d8a37c1d8.js js/application-f826770d917d8a37c1d8.js.map
[./app/javascript/channels sync recursive _channel\.js$] ./app/javascript/channels sync _channel\.js$ 160 bytes {application} [built]
[./app/javascript/channels/index.js] 211 bytes {application} [built]
[./app/javascript/packs/application.js] 492 bytes {application} [built]
[./node_modules/webpack/buildin/module.js] (webpack)/buildin/module.js 552 bytes {application} [built]
    + 3 hidden modules

  Rendered layout layouts/application.html.erb (Duration: 5906.7ms | Allocations: 20863)
Completed 200 OK in 5985ms (Views: 5919.7ms | ActiveRecord: 0.4ms | Allocations: 30983)


Started GET "/users/sign_in" for 127.0.0.1 at 2021-03-18 10:12:00 +0100
Processing by Devise::SessionsController#new as HTML
  Rendering layout layouts/application.html.erb
  Rendering devise/sessions/new.html.erb within layouts/application
  Rendered devise/shared/_links.html.erb (Duration: 1.3ms | Allocations: 216)
  Rendered devise/sessions/new.html.erb within layouts/application (Duration: 7.6ms | Allocations: 1797)
[Webpacker] Compiling...
[Webpacker] Compilation failed:
Invalid configuration object. Webpack has been initialised using a configuration object that does not match the API schema.
 - configuration.plugins[4] should be one of these:
   object { apply, … } | function
   -> Plugin of type object or instanceof Function
   Details:
    * configuration.plugins[4] should be an object.
      -> Plugin instance
    * configuration.plugins[4] should be an instance of function
      -> Function acting as plugin

  Rendered layout layouts/application.html.erb (Duration: 1419.3ms | Allocations: 5854)
Completed 200 OK in 1427ms (Views: 1423.3ms | ActiveRecord: 0.0ms | Allocations: 7504)


Started GET "/" for 127.0.0.1 at 2021-03-18 10:23:24 +0100
  [1m[35m (0.3ms)[0m  [1m[34mSELECT sqlite_version(*)[0m
  [1m[35m (0.1ms)[0m  [1m[34mSELECT "schema_migrations"."version" FROM "schema_migrations" ORDER BY "schema_migrations"."version" ASC[0m
Processing by Rails::WelcomeController#index as HTML
  Rendering /home/vmadmin/.rvm/gems/ruby-2.7.2/gems/railties-6.1.3/lib/rails/templates/rails/welcome/index.html.erb
  Rendered /home/vmadmin/.rvm/gems/ruby-2.7.2/gems/railties-6.1.3/lib/rails/templates/rails/welcome/index.html.erb (Duration: 5.4ms | Allocations: 332)
Completed 200 OK in 22ms (Views: 11.5ms | ActiveRecord: 0.0ms | Allocations: 2523)


Started GET "/" for 127.0.0.1 at 2021-03-18 10:24:30 +0100
Processing by Rails::WelcomeController#index as HTML
  Rendering /home/vmadmin/.rvm/gems/ruby-2.7.2/gems/railties-6.1.3/lib/rails/templates/rails/welcome/index.html.erb
  Rendered /home/vmadmin/.rvm/gems/ruby-2.7.2/gems/railties-6.1.3/lib/rails/templates/rails/welcome/index.html.erb (Duration: 7.2ms | Allocations: 215)
Completed 200 OK in 16ms (Views: 14.8ms | ActiveRecord: 0.0ms | Allocations: 2437)


Started GET "/" for 127.0.0.1 at 2021-03-18 10:28:49 +0100
Processing by Rails::WelcomeController#index as HTML
  Rendering /home/vmadmin/.rvm/gems/ruby-2.7.2/gems/railties-6.1.3/lib/rails/templates/rails/welcome/index.html.erb
  Rendered /home/vmadmin/.rvm/gems/ruby-2.7.2/gems/railties-6.1.3/lib/rails/templates/rails/welcome/index.html.erb (Duration: 0.2ms | Allocations: 45)
Completed 200 OK in 2ms (Views: 2.0ms | ActiveRecord: 0.0ms | Allocations: 342)


Started GET "/" for 127.0.0.1 at 2021-03-18 10:29:21 +0100
Processing by Rails::WelcomeController#index as HTML
  Rendering /home/vmadmin/.rvm/gems/ruby-2.7.2/gems/railties-6.1.3/lib/rails/templates/rails/welcome/index.html.erb
  Rendered /home/vmadmin/.rvm/gems/ruby-2.7.2/gems/railties-6.1.3/lib/rails/templates/rails/welcome/index.html.erb (Duration: 0.3ms | Allocations: 45)
Completed 200 OK in 1ms (Views: 0.6ms | Allocations: 393)


Started GET "/" for 127.0.0.1 at 2021-03-18 10:29:23 +0100
Processing by Rails::WelcomeController#index as HTML
  Rendering /home/vmadmin/.rvm/gems/ruby-2.7.2/gems/railties-6.1.3/lib/rails/templates/rails/welcome/index.html.erb
  Rendered /home/vmadmin/.rvm/gems/ruby-2.7.2/gems/railties-6.1.3/lib/rails/templates/rails/welcome/index.html.erb (Duration: 0.3ms | Allocations: 44)
Completed 200 OK in 2ms (Views: 1.8ms | Allocations: 387)


Started GET "/" for 127.0.0.1 at 2021-03-18 10:29:28 +0100
Processing by Rails::WelcomeController#index as HTML
  Rendering /home/vmadmin/.rvm/gems/ruby-2.7.2/gems/railties-6.1.3/lib/rails/templates/rails/welcome/index.html.erb
  Rendered /home/vmadmin/.rvm/gems/ruby-2.7.2/gems/railties-6.1.3/lib/rails/templates/rails/welcome/index.html.erb (Duration: 5.2ms | Allocations: 45)
Completed 200 OK in 6ms (Views: 5.6ms | Allocations: 393)


Started GET "/" for 127.0.0.1 at 2021-03-18 10:29:36 +0100
Processing by Rails::WelcomeController#index as HTML
  Rendering /home/vmadmin/.rvm/gems/ruby-2.7.2/gems/railties-6.1.3/lib/rails/templates/rails/welcome/index.html.erb
  Rendered /home/vmadmin/.rvm/gems/ruby-2.7.2/gems/railties-6.1.3/lib/rails/templates/rails/welcome/index.html.erb (Duration: 11.5ms | Allocations: 44)
Completed 200 OK in 16ms (Views: 15.2ms | Allocations: 411)


Started GET "/" for 127.0.0.1 at 2021-03-18 10:30:07 +0100
  [1m[35m (0.3ms)[0m  [1m[34mSELECT sqlite_version(*)[0m
  [1m[35m (0.1ms)[0m  [1m[34mSELECT "schema_migrations"."version" FROM "schema_migrations" ORDER BY "schema_migrations"."version" ASC[0m
Processing by Rails::WelcomeController#index as HTML
  Rendering /home/vmadmin/.rvm/gems/ruby-2.7.2/gems/railties-6.1.3/lib/rails/templates/rails/welcome/index.html.erb
  Rendered /home/vmadmin/.rvm/gems/ruby-2.7.2/gems/railties-6.1.3/lib/rails/templates/rails/welcome/index.html.erb (Duration: 8.5ms | Allocations: 332)
Completed 200 OK in 24ms (Views: 12.6ms | ActiveRecord: 0.0ms | Allocations: 2523)


Started GET "/" for 127.0.0.1 at 2021-03-18 10:30:08 +0100
Processing by Rails::WelcomeController#index as HTML
  Rendering /home/vmadmin/.rvm/gems/ruby-2.7.2/gems/railties-6.1.3/lib/rails/templates/rails/welcome/index.html.erb
  Rendered /home/vmadmin/.rvm/gems/ruby-2.7.2/gems/railties-6.1.3/lib/rails/templates/rails/welcome/index.html.erb (Duration: 8.9ms | Allocations: 1822)
Completed 200 OK in 12ms (Views: 10.9ms | ActiveRecord: 0.0ms | Allocations: 2489)


Started GET "/" for 127.0.0.1 at 2021-03-18 10:32:37 +0100
  [1m[35m (0.7ms)[0m  [1m[34mSELECT sqlite_version(*)[0m
  [1m[35m (0.1ms)[0m  [1m[34mSELECT "schema_migrations"."version" FROM "schema_migrations" ORDER BY "schema_migrations"."version" ASC[0m
Processing by Rails::WelcomeController#index as HTML
  Rendering /home/vmadmin/.rvm/gems/ruby-2.7.2/gems/railties-6.1.3/lib/rails/templates/rails/welcome/index.html.erb
  Rendered /home/vmadmin/.rvm/gems/ruby-2.7.2/gems/railties-6.1.3/lib/rails/templates/rails/welcome/index.html.erb (Duration: 12.1ms | Allocations: 332)
Completed 200 OK in 28ms (Views: 18.3ms | ActiveRecord: 0.0ms | Allocations: 2523)


Started GET "/users/edit" for 127.0.0.1 at 2021-03-18 10:35:58 +0100
Processing by Devise::RegistrationsController#edit as HTML
Completed 401 Unauthorized in 2ms (ActiveRecord: 0.0ms | Allocations: 317)


Started GET "/users/sign_in" for 127.0.0.1 at 2021-03-18 10:35:58 +0100
Processing by Devise::SessionsController#new as HTML
  Rendering layout layouts/application.html.erb
  Rendering devise/sessions/new.html.erb within layouts/application
  Rendered devise/shared/_links.html.erb (Duration: 0.9ms | Allocations: 606)
  Rendered devise/sessions/new.html.erb within layouts/application (Duration: 10.1ms | Allocations: 2687)
[Webpacker] Compiling...
[Webpacker] Compilation failed:
Invalid configuration object. Webpack has been initialised using a configuration object that does not match the API schema.
 - configuration.plugins[4] should be one of these:
   object { apply, … } | function
   -> Plugin of type object or instanceof Function
   Details:
    * configuration.plugins[4] should be an object.
      -> Plugin instance
    * configuration.plugins[4] should be an instance of function
      -> Function acting as plugin

  Rendered layout layouts/application.html.erb (Duration: 2445.9ms | Allocations: 77372)
Completed 200 OK in 2468ms (Views: 2451.9ms | ActiveRecord: 0.4ms | Allocations: 83611)


Started POST "/users/sign_in" for 127.0.0.1 at 2021-03-18 10:36:05 +0100
Processing by Devise::SessionsController#create as HTML
  Parameters: {"authenticity_token"=>"[FILTERED]", "user"=>{"email"=>"ma@colmic.ch", "password"=>"[FILTERED]", "remember_me"=>"0"}, "commit"=>"Log in"}
  [1m[36mUser Load (0.2ms)[0m  [1m[34mSELECT "users".* FROM "users" WHERE "users"."email" = ? ORDER BY "users"."id" ASC LIMIT ?[0m  [["email", "ma@colmic.ch"], ["LIMIT", 1]]
Completed 401 Unauthorized in 6ms (ActiveRecord: 0.2ms | Allocations: 2014)


Processing by Devise::SessionsController#new as HTML
  Parameters: {"authenticity_token"=>"[FILTERED]", "user"=>{"email"=>"ma@colmic.ch", "password"=>"[FILTERED]", "remember_me"=>"0"}, "commit"=>"Log in"}
  Rendering layout layouts/application.html.erb
  Rendering devise/sessions/new.html.erb within layouts/application
  Rendered devise/shared/_links.html.erb (Duration: 0.2ms | Allocations: 149)
  Rendered devise/sessions/new.html.erb within layouts/application (Duration: 1.8ms | Allocations: 1005)
[Webpacker] Everything's up-to-date. Nothing to do
  Rendered layout layouts/application.html.erb (Duration: 12.8ms | Allocations: 7683)
Completed 200 OK in 320ms (Views: 19.0ms | ActiveRecord: 0.0ms | Allocations: 9178)


Started GET "/users/sign_up" for 127.0.0.1 at 2021-03-18 10:36:08 +0100
Processing by Devise::RegistrationsController#new as HTML
  Rendering layout layouts/application.html.erb
  Rendering devise/registrations/new.html.erb within layouts/application
  Rendered devise/shared/_error_messages.html.erb (Duration: 0.3ms | Allocations: 219)
  Rendered devise/shared/_links.html.erb (Duration: 0.4ms | Allocations: 138)
  Rendered devise/registrations/new.html.erb within layouts/application (Duration: 6.1ms | Allocations: 1778)
[Webpacker] Everything's up-to-date. Nothing to do
  Rendered layout layouts/application.html.erb (Duration: 19.6ms | Allocations: 8453)
Completed 200 OK in 23ms (Views: 22.5ms | ActiveRecord: 0.0ms | Allocations: 9557)


Started POST "/users" for 127.0.0.1 at 2021-03-18 10:36:13 +0100
Processing by Devise::RegistrationsController#create as HTML
  Parameters: {"authenticity_token"=>"[FILTERED]", "user"=>{"email"=>"michael.abplanalp@gibb.ch", "password"=>"[FILTERED]", "password_confirmation"=>"[FILTERED]"}, "commit"=>"Sign up"}
  [1m[36mTRANSACTION (0.1ms)[0m  [1m[36mbegin transaction[0m
  [1m[36mUser Exists? (0.2ms)[0m  [1m[34mSELECT 1 AS one FROM "users" WHERE "users"."email" = ? LIMIT ?[0m  [["email", "michael.abplanalp@gibb.ch"], ["LIMIT", 1]]
  [1m[36mUser Create (5.8ms)[0m  [1m[32mINSERT INTO "users" ("email", "encrypted_password", "created_at", "updated_at") VALUES (?, ?, ?, ?)[0m  [["email", "michael.abplanalp@gibb.ch"], ["encrypted_password", "$2a$12$8QzNu/aKKPEIjGbPhXbHZ.OpFsEaplS/S5gmG043ThGcxlrqZDaRW"], ["created_at", "2021-03-18 09:36:13.512233"], ["updated_at", "2021-03-18 09:36:13.512233"]]
  [1m[36mTRANSACTION (8.0ms)[0m  [1m[36mcommit transaction[0m
Redirected to http://localhost:4000/users/edit
Completed 302 Found in 347ms (ActiveRecord: 14.0ms | Allocations: 9232)


Started GET "/users/edit" for 127.0.0.1 at 2021-03-18 10:36:13 +0100
Processing by Devise::RegistrationsController#edit as HTML
  [1m[36mUser Load (0.2ms)[0m  [1m[34mSELECT "users".* FROM "users" WHERE "users"."id" = ? ORDER BY "users"."id" ASC LIMIT ?[0m  [["id", 1], ["LIMIT", 1]]
  Rendering layout layouts/application.html.erb
  Rendering devise/registrations/edit.html.erb within layouts/application
  Rendered devise/shared/_error_messages.html.erb (Duration: 0.1ms | Allocations: 42)
  Rendered devise/registrations/edit.html.erb within layouts/application (Duration: 2.6ms | Allocations: 1769)
[Webpacker] Everything's up-to-date. Nothing to do
  Rendered layout layouts/application.html.erb (Duration: 12.9ms | Allocations: 8420)
Completed 200 OK in 19ms (Views: 13.9ms | ActiveRecord: 0.2ms | Allocations: 10104)


Started GET "/" for 127.0.0.1 at 2021-03-18 10:36:16 +0100
Processing by Rails::WelcomeController#index as HTML
  Rendering /home/vmadmin/.rvm/gems/ruby-2.7.2/gems/railties-6.1.3/lib/rails/templates/rails/welcome/index.html.erb
  Rendered /home/vmadmin/.rvm/gems/ruby-2.7.2/gems/railties-6.1.3/lib/rails/templates/rails/welcome/index.html.erb (Duration: 8.8ms | Allocations: 215)
Completed 200 OK in 11ms (Views: 10.3ms | ActiveRecord: 0.0ms | Allocations: 873)


Started GET "/" for 127.0.0.1 at 2021-03-18 10:39:17 +0100
  [1m[35m (0.4ms)[0m  [1m[34mSELECT sqlite_version(*)[0m
  [1m[35m (0.1ms)[0m  [1m[34mSELECT "schema_migrations"."version" FROM "schema_migrations" ORDER BY "schema_migrations"."version" ASC[0m
Processing by Rails::WelcomeController#index as HTML
  Rendering /home/vmadmin/.rvm/gems/ruby-2.7.2/gems/railties-6.1.3/lib/rails/templates/rails/welcome/index.html.erb
  Rendered /home/vmadmin/.rvm/gems/ruby-2.7.2/gems/railties-6.1.3/lib/rails/templates/rails/welcome/index.html.erb (Duration: 8.0ms | Allocations: 332)
Completed 200 OK in 30ms (Views: 17.6ms | ActiveRecord: 0.0ms | Allocations: 2464)


Started GET "/" for 127.0.0.1 at 2021-03-18 10:39:39 +0100
  [1m[35m (0.3ms)[0m  [1m[34mSELECT sqlite_version(*)[0m
  [1m[35m (0.2ms)[0m  [1m[34mSELECT "schema_migrations"."version" FROM "schema_migrations" ORDER BY "schema_migrations"."version" ASC[0m
Processing by Rails::WelcomeController#index as HTML
  Rendering /home/vmadmin/.rvm/gems/ruby-2.7.2/gems/railties-6.1.3/lib/rails/templates/rails/welcome/index.html.erb
  Rendered /home/vmadmin/.rvm/gems/ruby-2.7.2/gems/railties-6.1.3/lib/rails/templates/rails/welcome/index.html.erb (Duration: 10.3ms | Allocations: 332)
Completed 200 OK in 30ms (Views: 16.9ms | ActiveRecord: 0.0ms | Allocations: 2527)


Started GET "/" for 127.0.0.1 at 2021-03-18 10:39:43 +0100
Processing by Rails::WelcomeController#index as HTML
  Rendering /home/vmadmin/.rvm/gems/ruby-2.7.2/gems/railties-6.1.3/lib/rails/templates/rails/welcome/index.html.erb
  Rendered /home/vmadmin/.rvm/gems/ruby-2.7.2/gems/railties-6.1.3/lib/rails/templates/rails/welcome/index.html.erb (Duration: 10.1ms | Allocations: 215)
Completed 200 OK in 21ms (Views: 19.7ms | ActiveRecord: 0.0ms | Allocations: 1654)


Started GET "/" for 127.0.0.1 at 2021-03-18 10:41:37 +0100
  [1m[35m (0.3ms)[0m  [1m[34mSELECT sqlite_version(*)[0m
  [1m[35m (0.1ms)[0m  [1m[34mSELECT "schema_migrations"."version" FROM "schema_migrations" ORDER BY "schema_migrations"."version" ASC[0m
Processing by PagesController#home as HTML
  Rendering layout layouts/application.html.erb
  Rendering pages/home.html.erb within layouts/application
  Rendered pages/home.html.erb within layouts/application (Duration: 0.4ms | Allocations: 217)
[Webpacker] Everything's up-to-date. Nothing to do
  Rendered layout layouts/application.html.erb (Duration: 81.7ms | Allocations: 15203)
Completed 200 OK in 102ms (Views: 84.4ms | ActiveRecord: 0.0ms | Allocations: 17896)


Started GET "/" for 127.0.0.1 at 2021-03-18 10:46:26 +0100
  [1m[35m (0.3ms)[0m  [1m[34mSELECT sqlite_version(*)[0m
  [1m[35m (0.2ms)[0m  [1m[34mSELECT "schema_migrations"."version" FROM "schema_migrations" ORDER BY "schema_migrations"."version" ASC[0m
Processing by PagesController#home as HTML
  Rendering layout layouts/application.html.erb
  Rendering pages/home.html.erb within layouts/application
  Rendered pages/home.html.erb within layouts/application (Duration: 0.6ms | Allocations: 217)
[Webpacker] Everything's up-to-date. Nothing to do
  Rendered layout layouts/application.html.erb (Duration: 97.1ms | Allocations: 26761)
Completed 200 OK in 117ms (Views: 105.2ms | ActiveRecord: 0.0ms | Allocations: 29453)


Started GET "/" for 127.0.0.1 at 2021-03-18 10:46:58 +0100
  [1m[35m (2.9ms)[0m  [1m[34mSELECT sqlite_version(*)[0m
  [1m[35m (0.1ms)[0m  [1m[34mSELECT "schema_migrations"."version" FROM "schema_migrations" ORDER BY "schema_migrations"."version" ASC[0m
Processing by PagesController#home as HTML
  Rendering layout layouts/application.html.erb
  Rendering pages/home.html.erb within layouts/application
  Rendered pages/home.html.erb within layouts/application (Duration: 0.6ms | Allocations: 217)
[Webpacker] Everything's up-to-date. Nothing to do
  Rendered layout layouts/application.html.erb (Duration: 75.9ms | Allocations: 17169)
Completed 200 OK in 93ms (Views: 82.2ms | ActiveRecord: 0.0ms | Allocations: 19862)


Started GET "/" for 127.0.0.1 at 2021-03-18 10:47:56 +0100
  [1m[35m (0.4ms)[0m  [1m[34mSELECT sqlite_version(*)[0m
  [1m[35m (0.1ms)[0m  [1m[34mSELECT "schema_migrations"."version" FROM "schema_migrations" ORDER BY "schema_migrations"."version" ASC[0m
Processing by PagesController#home as HTML
  Rendering layout layouts/application.html.erb
  Rendering pages/home.html.erb within layouts/application
  Rendered pages/home.html.erb within layouts/application (Duration: 0.6ms | Allocations: 217)
[Webpacker] Everything's up-to-date. Nothing to do
  Rendered layout layouts/application.html.erb (Duration: 71.3ms | Allocations: 17169)
Completed 200 OK in 88ms (Views: 78.5ms | ActiveRecord: 0.0ms | Allocations: 19862)


Started GET "/" for 127.0.0.1 at 2021-03-18 10:49:22 +0100
  [1m[35m (0.3ms)[0m  [1m[34mSELECT sqlite_version(*)[0m
  [1m[35m (0.1ms)[0m  [1m[34mSELECT "schema_migrations"."version" FROM "schema_migrations" ORDER BY "schema_migrations"."version" ASC[0m
Processing by PagesController#home as HTML
  Rendering layout layouts/application.html.erb
  Rendering pages/home.html.erb within layouts/application
  Rendered pages/home.html.erb within layouts/application (Duration: 0.5ms | Allocations: 217)
[Webpacker] Everything's up-to-date. Nothing to do
  Rendered layout layouts/application.html.erb (Duration: 109.8ms | Allocations: 17158)
Completed 200 OK in 127ms (Views: 119.7ms | ActiveRecord: 0.0ms | Allocations: 19851)


Started GET "/" for 127.0.0.1 at 2021-03-18 10:49:27 +0100
Processing by PagesController#home as HTML
  Rendering layout layouts/application.html.erb
  Rendering pages/home.html.erb within layouts/application
  Rendered pages/home.html.erb within layouts/application (Duration: 0.1ms | Allocations: 36)
[Webpacker] Everything's up-to-date. Nothing to do
  Rendered layout layouts/application.html.erb (Duration: 13.1ms | Allocations: 6729)
Completed 200 OK in 15ms (Views: 14.5ms | ActiveRecord: 0.0ms | Allocations: 7117)


Started GET "/" for 127.0.0.1 at 2021-03-18 10:49:28 +0100
Processing by PagesController#home as HTML
  Rendering layout layouts/application.html.erb
  Rendering pages/home.html.erb within layouts/application
  Rendered pages/home.html.erb within layouts/application (Duration: 0.1ms | Allocations: 36)
[Webpacker] Everything's up-to-date. Nothing to do
  Rendered layout layouts/application.html.erb (Duration: 14.1ms | Allocations: 6728)
Completed 200 OK in 15ms (Views: 14.4ms | ActiveRecord: 0.0ms | Allocations: 7117)


Started GET "/" for 127.0.0.1 at 2021-03-18 10:49:29 +0100
Processing by PagesController#home as HTML
  Rendering layout layouts/application.html.erb
  Rendering pages/home.html.erb within layouts/application
  Rendered pages/home.html.erb within layouts/application (Duration: 0.1ms | Allocations: 36)
[Webpacker] Everything's up-to-date. Nothing to do
  Rendered layout layouts/application.html.erb (Duration: 7.1ms | Allocations: 6728)
Completed 200 OK in 8ms (Views: 7.5ms | ActiveRecord: 0.0ms | Allocations: 7118)


Started GET "/" for 127.0.0.1 at 2021-03-18 10:49:33 +0100
Processing by PagesController#home as HTML
  Rendering layout layouts/application.html.erb
  Rendering pages/home.html.erb within layouts/application
  Rendered pages/home.html.erb within layouts/application (Duration: 0.1ms | Allocations: 36)
[Webpacker] Everything's up-to-date. Nothing to do
  Rendered layout layouts/application.html.erb (Duration: 15.8ms | Allocations: 6729)
Completed 200 OK in 17ms (Views: 16.2ms | ActiveRecord: 0.0ms | Allocations: 7115)


Started GET "/" for 127.0.0.1 at 2021-03-18 10:50:50 +0100
  [1m[35m (0.3ms)[0m  [1m[34mSELECT sqlite_version(*)[0m
  [1m[35m (0.1ms)[0m  [1m[34mSELECT "schema_migrations"."version" FROM "schema_migrations" ORDER BY "schema_migrations"."version" ASC[0m
Processing by PagesController#home as HTML
  Rendering layout layouts/application.html.erb
  Rendering pages/home.html.erb within layouts/application
  Rendered pages/home.html.erb within layouts/application (Duration: 0.6ms | Allocations: 217)
[Webpacker] Everything's up-to-date. Nothing to do
  Rendered layout layouts/application.html.erb (Duration: 64.9ms | Allocations: 17160)
Completed 200 OK in 83ms (Views: 74.0ms | ActiveRecord: 0.0ms | Allocations: 19853)


Started GET "/" for 127.0.0.1 at 2021-03-18 10:53:06 +0100
  [1m[35m (0.3ms)[0m  [1m[34mSELECT sqlite_version(*)[0m
  [1m[35m (0.2ms)[0m  [1m[34mSELECT "schema_migrations"."version" FROM "schema_migrations" ORDER BY "schema_migrations"."version" ASC[0m
Processing by PagesController#home as HTML
  Rendering layout layouts/application.html.erb
  Rendering pages/home.html.erb within layouts/application
  Rendered pages/home.html.erb within layouts/application (Duration: 1.2ms | Allocations: 217)
[Webpacker] Everything's up-to-date. Nothing to do
  Rendered layout layouts/application.html.erb (Duration: 105.6ms | Allocations: 17169)
Completed 200 OK in 122ms (Views: 112.1ms | ActiveRecord: 0.0ms | Allocations: 19800)


Started GET "/user/sign_up" for 127.0.0.1 at 2021-03-18 10:53:19 +0100
  
ActionController::RoutingError (No route matches [GET] "/user/sign_up"):
  
Started GET "/users/sign_in" for 127.0.0.1 at 2021-03-18 10:53:50 +0100
  
ActionController::RoutingError (No route matches [GET] "/users/sign_in"):
  
Started GET "/users/log_in" for 127.0.0.1 at 2021-03-18 10:54:08 +0100
  
ActionController::RoutingError (No route matches [GET] "/users/log_in"):
  
Started GET "/" for 127.0.0.1 at 2021-03-18 10:54:18 +0100
Processing by PagesController#home as HTML
  Rendering layout layouts/application.html.erb
  Rendering pages/home.html.erb within layouts/application
  Rendered pages/home.html.erb within layouts/application (Duration: 0.1ms | Allocations: 36)
[Webpacker] Everything's up-to-date. Nothing to do
  Rendered layout layouts/application.html.erb (Duration: 24.5ms | Allocations: 6972)
Completed 200 OK in 25ms (Views: 25.0ms | ActiveRecord: 0.0ms | Allocations: 7372)


Started GET "/" for 127.0.0.1 at 2021-03-18 10:54:20 +0100
Processing by PagesController#home as HTML
  Rendering layout layouts/application.html.erb
  Rendering pages/home.html.erb within layouts/application
  Rendered pages/home.html.erb within layouts/application (Duration: 0.1ms | Allocations: 36)
[Webpacker] Everything's up-to-date. Nothing to do
  Rendered layout layouts/application.html.erb (Duration: 12.5ms | Allocations: 6727)
Completed 200 OK in 14ms (Views: 13.2ms | ActiveRecord: 0.0ms | Allocations: 7108)


Started GET "/" for 127.0.0.1 at 2021-03-18 10:54:24 +0100
Processing by PagesController#home as HTML
  Rendering layout layouts/application.html.erb
  Rendering pages/home.html.erb within layouts/application
  Rendered pages/home.html.erb within layouts/application (Duration: 0.1ms | Allocations: 36)
[Webpacker] Everything's up-to-date. Nothing to do
  Rendered layout layouts/application.html.erb (Duration: 13.6ms | Allocations: 6726)
Completed 200 OK in 15ms (Views: 14.7ms | ActiveRecord: 0.0ms | Allocations: 7106)


Started GET "/users/sign_up" for 127.0.0.1 at 2021-03-18 10:54:53 +0100
  
ActionController::RoutingError (No route matches [GET] "/users/sign_up"):
  
Started GET "/users/log_in" for 127.0.0.1 at 2021-03-18 10:55:32 +0100
  
ActionController::RoutingError (No route matches [GET] "/users/log_in"):
  
Started GET "/" for 127.0.0.1 at 2021-03-18 10:55:51 +0100
Processing by PagesController#home as HTML
  Rendering layout layouts/application.html.erb
  Rendering pages/home.html.erb within layouts/application
  Rendered pages/home.html.erb within layouts/application (Duration: 0.1ms | Allocations: 36)
[Webpacker] Everything's up-to-date. Nothing to do
  Rendered layout layouts/application.html.erb (Duration: 17.7ms | Allocations: 6727)
Completed 200 OK in 19ms (Views: 18.6ms | ActiveRecord: 0.0ms | Allocations: 7111)


Started GET "/" for 127.0.0.1 at 2021-03-18 10:59:26 +0100
  [1m[35m (0.3ms)[0m  [1m[34mSELECT sqlite_version(*)[0m
  [1m[35m (0.1ms)[0m  [1m[34mSELECT "schema_migrations"."version" FROM "schema_migrations" ORDER BY "schema_migrations"."version" ASC[0m
Processing by PagesController#home as HTML
  Rendering layout layouts/application.html.erb
  Rendering pages/home.html.erb within layouts/application
  Rendered pages/home.html.erb within layouts/application (Duration: 0.5ms | Allocations: 217)
[Webpacker] Everything's up-to-date. Nothing to do
  Rendered layout layouts/application.html.erb (Duration: 93.4ms | Allocations: 17189)
Completed 200 OK in 106ms (Views: 97.3ms | ActiveRecord: 0.0ms | Allocations: 19882)


Started GET "/" for 127.0.0.1 at 2021-03-18 10:59:31 +0100
Processing by PagesController#home as HTML
  Rendering layout layouts/application.html.erb
  Rendering pages/home.html.erb within layouts/application
  Rendered pages/home.html.erb within layouts/application (Duration: 0.1ms | Allocations: 36)
[Webpacker] Everything's up-to-date. Nothing to do
  Rendered layout layouts/application.html.erb (Duration: 16.4ms | Allocations: 6729)
Completed 200 OK in 18ms (Views: 17.3ms | ActiveRecord: 0.0ms | Allocations: 7120)


Started GET "/" for 127.0.0.1 at 2021-03-18 10:59:32 +0100
Processing by PagesController#home as HTML
  Rendering layout layouts/application.html.erb
  Rendering pages/home.html.erb within layouts/application
  Rendered pages/home.html.erb within layouts/application (Duration: 0.1ms | Allocations: 36)
[Webpacker] Everything's up-to-date. Nothing to do
  Rendered layout layouts/application.html.erb (Duration: 6.7ms | Allocations: 6728)
Completed 200 OK in 8ms (Views: 7.2ms | ActiveRecord: 0.0ms | Allocations: 7117)


Started GET "/" for 127.0.0.1 at 2021-03-18 11:00:07 +0100
  [1m[35m (0.3ms)[0m  [1m[34mSELECT sqlite_version(*)[0m
  [1m[35m (0.1ms)[0m  [1m[34mSELECT "schema_migrations"."version" FROM "schema_migrations" ORDER BY "schema_migrations"."version" ASC[0m
Processing by PagesController#home as HTML
  Rendering layout layouts/application.html.erb
  Rendering pages/home.html.erb within layouts/application
  Rendered pages/home.html.erb within layouts/application (Duration: 0.6ms | Allocations: 217)
[Webpacker] Everything's up-to-date. Nothing to do
  Rendered layout layouts/application.html.erb (Duration: 79.3ms | Allocations: 17188)
Completed 200 OK in 97ms (Views: 86.4ms | ActiveRecord: 0.0ms | Allocations: 19881)


Started GET "/" for 127.0.0.1 at 2021-03-18 11:00:09 +0100
Processing by PagesController#home as HTML
  Rendering layout layouts/application.html.erb
  Rendering pages/home.html.erb within layouts/application
  Rendered pages/home.html.erb within layouts/application (Duration: 0.1ms | Allocations: 36)
[Webpacker] Everything's up-to-date. Nothing to do
  Rendered layout layouts/application.html.erb (Duration: 16.1ms | Allocations: 6729)
Completed 200 OK in 17ms (Views: 16.6ms | ActiveRecord: 0.0ms | Allocations: 7123)


Started GET "/" for 127.0.0.1 at 2021-03-18 11:00:53 +0100
  [1m[35m (0.3ms)[0m  [1m[34mSELECT sqlite_version(*)[0m
  [1m[35m (0.1ms)[0m  [1m[34mSELECT "schema_migrations"."version" FROM "schema_migrations" ORDER BY "schema_migrations"."version" ASC[0m
Processing by PagesController#home as HTML
  Rendering layout layouts/application.html.erb
  Rendering pages/home.html.erb within layouts/application
  Rendered pages/home.html.erb within layouts/application (Duration: 1.6ms | Allocations: 217)
[Webpacker] Everything's up-to-date. Nothing to do
  Rendered layout layouts/application.html.erb (Duration: 108.7ms | Allocations: 17153)
Completed 200 OK in 124ms (Views: 116.9ms | ActiveRecord: 0.0ms | Allocations: 19846)


Started GET "/" for 127.0.0.1 at 2021-03-18 11:01:13 +0100
  [1m[35m (6.1ms)[0m  [1m[34mSELECT sqlite_version(*)[0m
  [1m[35m (0.1ms)[0m  [1m[34mSELECT "schema_migrations"."version" FROM "schema_migrations" ORDER BY "schema_migrations"."version" ASC[0m
Processing by PagesController#home as HTML
  Rendering layout layouts/application.html.erb
  Rendering pages/home.html.erb within layouts/application
  Rendered pages/home.html.erb within layouts/application (Duration: 0.5ms | Allocations: 217)
[Webpacker] Everything's up-to-date. Nothing to do
  Rendered layout layouts/application.html.erb (Duration: 76.5ms | Allocations: 17153)
Completed 200 OK in 96ms (Views: 83.4ms | ActiveRecord: 0.0ms | Allocations: 19850)


Started GET "/" for 127.0.0.1 at 2021-03-18 11:01:16 +0100
Processing by PagesController#home as HTML
  Rendering layout layouts/application.html.erb
  Rendering pages/home.html.erb within layouts/application
  Rendered pages/home.html.erb within layouts/application (Duration: 0.1ms | Allocations: 36)
[Webpacker] Everything's up-to-date. Nothing to do
  Rendered layout layouts/application.html.erb (Duration: 14.4ms | Allocations: 6729)
Completed 200 OK in 18ms (Views: 17.0ms | ActiveRecord: 0.0ms | Allocations: 7120)


Started GET "/" for 127.0.0.1 at 2021-03-18 11:01:51 +0100
Processing by PagesController#home as HTML
  Rendering layout layouts/application.html.erb
  Rendering pages/home.html.erb within layouts/application
  Rendered pages/home.html.erb within layouts/application (Duration: 0.3ms | Allocations: 106)
[Webpacker] Everything's up-to-date. Nothing to do
  Rendered layout layouts/application.html.erb (Duration: 11.2ms | Allocations: 7017)
Completed 200 OK in 15ms (Views: 14.0ms | ActiveRecord: 0.0ms | Allocations: 8209)


Started GET "/" for 127.0.0.1 at 2021-03-18 11:02:49 +0100
  [1m[35m (0.3ms)[0m  [1m[34mSELECT sqlite_version(*)[0m
  [1m[35m (0.1ms)[0m  [1m[34mSELECT "schema_migrations"."version" FROM "schema_migrations" ORDER BY "schema_migrations"."version" ASC[0m
Processing by PagesController#home as HTML
  Rendering layout layouts/application.html.erb
  Rendering pages/home.html.erb within layouts/application
  Rendered pages/home.html.erb within layouts/application (Duration: 0.5ms | Allocations: 217)
[Webpacker] Everything's up-to-date. Nothing to do
  Rendered layout layouts/application.html.erb (Duration: 64.3ms | Allocations: 17151)
Completed 200 OK in 78ms (Views: 66.6ms | ActiveRecord: 0.0ms | Allocations: 19844)


Started GET "/" for 127.0.0.1 at 2021-03-18 11:02:51 +0100
Processing by PagesController#home as HTML
  Rendering layout layouts/application.html.erb
  Rendering pages/home.html.erb within layouts/application
  Rendered pages/home.html.erb within layouts/application (Duration: 0.1ms | Allocations: 36)
[Webpacker] Everything's up-to-date. Nothing to do
  Rendered layout layouts/application.html.erb (Duration: 32.3ms | Allocations: 6729)
Completed 200 OK in 38ms (Views: 36.7ms | ActiveRecord: 0.0ms | Allocations: 7120)


Started GET "/" for 127.0.0.1 at 2021-03-18 11:02:52 +0100
Processing by PagesController#home as HTML
  Rendering layout layouts/application.html.erb
  Rendering pages/home.html.erb within layouts/application
  Rendered pages/home.html.erb within layouts/application (Duration: 0.1ms | Allocations: 36)
[Webpacker] Everything's up-to-date. Nothing to do
  Rendered layout layouts/application.html.erb (Duration: 11.8ms | Allocations: 6728)
Completed 200 OK in 13ms (Views: 12.5ms | ActiveRecord: 0.0ms | Allocations: 7117)


Started GET "/" for 127.0.0.1 at 2021-03-18 11:02:52 +0100
Processing by PagesController#home as HTML
  Rendering layout layouts/application.html.erb
  Rendering pages/home.html.erb within layouts/application
  Rendered pages/home.html.erb within layouts/application (Duration: 0.1ms | Allocations: 36)
[Webpacker] Everything's up-to-date. Nothing to do
  Rendered layout layouts/application.html.erb (Duration: 15.4ms | Allocations: 6728)
Completed 200 OK in 16ms (Views: 15.8ms | ActiveRecord: 0.0ms | Allocations: 7117)


Started GET "/" for 127.0.0.1 at 2021-03-18 11:02:53 +0100
Processing by PagesController#home as HTML
  Rendering layout layouts/application.html.erb
  Rendering pages/home.html.erb within layouts/application
  Rendered pages/home.html.erb within layouts/application (Duration: 0.1ms | Allocations: 36)
[Webpacker] Everything's up-to-date. Nothing to do
  Rendered layout layouts/application.html.erb (Duration: 12.3ms | Allocations: 6728)
Completed 200 OK in 13ms (Views: 12.8ms | ActiveRecord: 0.0ms | Allocations: 7117)


Started GET "/" for 127.0.0.1 at 2021-03-18 11:02:53 +0100
Processing by PagesController#home as HTML
  Rendering layout layouts/application.html.erb
  Rendering pages/home.html.erb within layouts/application
  Rendered pages/home.html.erb within layouts/application (Duration: 0.1ms | Allocations: 36)
[Webpacker] Everything's up-to-date. Nothing to do
  Rendered layout layouts/application.html.erb (Duration: 15.4ms | Allocations: 6726)
Completed 200 OK in 16ms (Views: 15.7ms | ActiveRecord: 0.0ms | Allocations: 7110)


Started GET "/" for 127.0.0.1 at 2021-03-18 11:02:53 +0100
Processing by PagesController#home as HTML
  Rendering layout layouts/application.html.erb
  Rendering pages/home.html.erb within layouts/application
  Rendered pages/home.html.erb within layouts/application (Duration: 0.1ms | Allocations: 36)
[Webpacker] Everything's up-to-date. Nothing to do
  Rendered layout layouts/application.html.erb (Duration: 13.8ms | Allocations: 6727)
Completed 200 OK in 17ms (Views: 16.4ms | ActiveRecord: 0.0ms | Allocations: 7111)


Started GET "/" for 127.0.0.1 at 2021-03-18 11:02:54 +0100
Processing by PagesController#home as HTML
  Rendering layout layouts/application.html.erb
  Rendering pages/home.html.erb within layouts/application
  Rendered pages/home.html.erb within layouts/application (Duration: 0.1ms | Allocations: 36)
[Webpacker] Everything's up-to-date. Nothing to do
  Rendered layout layouts/application.html.erb (Duration: 14.4ms | Allocations: 6726)
Completed 200 OK in 15ms (Views: 14.7ms | ActiveRecord: 0.0ms | Allocations: 7111)


Started GET "/" for 127.0.0.1 at 2021-03-18 11:06:44 +0100
  [1m[35m (0.3ms)[0m  [1m[34mSELECT sqlite_version(*)[0m
  [1m[35m (0.1ms)[0m  [1m[34mSELECT "schema_migrations"."version" FROM "schema_migrations" ORDER BY "schema_migrations"."version" ASC[0m
Processing by PagesController#home as HTML
  Rendering layout layouts/application.html.erb
  Rendering pages/home.html.erb within layouts/application
  Rendered pages/home.html.erb within layouts/application (Duration: 0.6ms | Allocations: 217)
[Webpacker] Everything's up-to-date. Nothing to do
  Rendered layout layouts/application.html.erb (Duration: 501.9ms | Allocations: 78764)
Completed 200 OK in 514ms (Views: 504.2ms | ActiveRecord: 0.0ms | Allocations: 81460)


Started GET "/" for 127.0.0.1 at 2021-03-18 11:07:40 +0100
  [1m[35m (0.3ms)[0m  [1m[34mSELECT sqlite_version(*)[0m
  [1m[35m (0.1ms)[0m  [1m[34mSELECT "schema_migrations"."version" FROM "schema_migrations" ORDER BY "schema_migrations"."version" ASC[0m
Processing by PagesController#home as HTML
  Rendering layout layouts/application.html.erb
  Rendering pages/home.html.erb within layouts/application
  Rendered pages/home.html.erb within layouts/application (Duration: 1.2ms | Allocations: 217)
[Webpacker] Everything's up-to-date. Nothing to do
  Rendered layout layouts/application.html.erb (Duration: 534.1ms | Allocations: 79566)
Completed 200 OK in 541ms (Views: 536.2ms | ActiveRecord: 0.0ms | Allocations: 82258)


Started GET "/" for 127.0.0.1 at 2021-03-18 11:08:36 +0100
Processing by PagesController#home as HTML
  Rendering layout layouts/application.html.erb
  Rendering pages/home.html.erb within layouts/application
  Rendered pages/home.html.erb within layouts/application (Duration: 0.1ms | Allocations: 36)
[Webpacker] Everything's up-to-date. Nothing to do
  Rendered layout layouts/application.html.erb (Duration: 12.6ms | Allocations: 6941)
Completed 200 OK in 15ms (Views: 14.2ms | ActiveRecord: 0.0ms | Allocations: 7326)


Started GET "/" for 127.0.0.1 at 2021-03-18 11:08:36 +0100
Processing by PagesController#home as HTML
  Rendering layout layouts/application.html.erb
  Rendering pages/home.html.erb within layouts/application
  Rendered pages/home.html.erb within layouts/application (Duration: 0.1ms | Allocations: 36)
[Webpacker] Everything's up-to-date. Nothing to do
  Rendered layout layouts/application.html.erb (Duration: 13.1ms | Allocations: 6942)
Completed 200 OK in 15ms (Views: 14.7ms | ActiveRecord: 0.0ms | Allocations: 7330)


Started GET "/" for 127.0.0.1 at 2021-03-18 11:08:38 +0100
Processing by PagesController#home as HTML
  Rendering layout layouts/application.html.erb
  Rendering pages/home.html.erb within layouts/application
  Rendered pages/home.html.erb within layouts/application (Duration: 0.1ms | Allocations: 36)
[Webpacker] Everything's up-to-date. Nothing to do
  Rendered layout layouts/application.html.erb (Duration: 14.0ms | Allocations: 6943)
Completed 200 OK in 15ms (Views: 14.4ms | ActiveRecord: 0.0ms | Allocations: 7332)


Started GET "/" for 127.0.0.1 at 2021-03-18 11:08:38 +0100
Processing by PagesController#home as HTML
  Rendering layout layouts/application.html.erb
  Rendering pages/home.html.erb within layouts/application
  Rendered pages/home.html.erb within layouts/application (Duration: 0.1ms | Allocations: 36)
[Webpacker] Everything's up-to-date. Nothing to do
  Rendered layout layouts/application.html.erb (Duration: 19.0ms | Allocations: 6942)
Completed 200 OK in 20ms (Views: 19.5ms | ActiveRecord: 0.0ms | Allocations: 7330)


Started GET "/" for 127.0.0.1 at 2021-03-18 11:09:16 +0100
Processing by PagesController#home as HTML
  Rendering layout layouts/application.html.erb
  Rendering pages/home.html.erb within layouts/application
  Rendered pages/home.html.erb within layouts/application (Duration: 0.1ms | Allocations: 36)
[Webpacker] Everything's up-to-date. Nothing to do
  Rendered layout layouts/application.html.erb (Duration: 25.7ms | Allocations: 7013)
Completed 200 OK in 27ms (Views: 26.1ms | ActiveRecord: 0.0ms | Allocations: 7395)


Started GET "/" for 127.0.0.1 at 2021-03-18 11:09:17 +0100
Processing by PagesController#home as HTML
  Rendering layout layouts/application.html.erb
  Rendering pages/home.html.erb within layouts/application
  Rendered pages/home.html.erb within layouts/application (Duration: 0.1ms | Allocations: 36)
[Webpacker] Everything's up-to-date. Nothing to do
  Rendered layout layouts/application.html.erb (Duration: 13.5ms | Allocations: 6941)
Completed 200 OK in 15ms (Views: 14.2ms | ActiveRecord: 0.0ms | Allocations: 7325)


Started GET "/" for 127.0.0.1 at 2021-03-18 11:09:18 +0100
Processing by PagesController#home as HTML
  Rendering layout layouts/application.html.erb
  Rendering pages/home.html.erb within layouts/application
  Rendered pages/home.html.erb within layouts/application (Duration: 0.1ms | Allocations: 36)
[Webpacker] Everything's up-to-date. Nothing to do
  Rendered layout layouts/application.html.erb (Duration: 14.7ms | Allocations: 6941)
Completed 200 OK in 16ms (Views: 15.9ms | ActiveRecord: 0.0ms | Allocations: 7325)


Started GET "/" for 127.0.0.1 at 2021-03-18 11:14:44 +0100
  [1m[35m (0.5ms)[0m  [1m[34mSELECT sqlite_version(*)[0m
  [1m[35m (0.1ms)[0m  [1m[34mSELECT "schema_migrations"."version" FROM "schema_migrations" ORDER BY "schema_migrations"."version" ASC[0m
Processing by PagesController#home as HTML
  Rendering layout layouts/application.html.erb
  Rendering pages/home.html.erb within layouts/application
  Rendered pages/home.html.erb within layouts/application (Duration: 5.1ms | Allocations: 217)
[Webpacker] Everything's up-to-date. Nothing to do
  Rendered layout layouts/application.html.erb (Duration: 467.8ms | Allocations: 79396)
Completed 200 OK in 480ms (Views: 472.6ms | ActiveRecord: 0.0ms | Allocations: 82088)


Started GET "/" for 127.0.0.1 at 2021-03-18 11:22:33 +0100
  [1m[35m (0.3ms)[0m  [1m[34mSELECT sqlite_version(*)[0m
  [1m[35m (0.3ms)[0m  [1m[34mSELECT "schema_migrations"."version" FROM "schema_migrations" ORDER BY "schema_migrations"."version" ASC[0m
Processing by PagesController#home as HTML
  Rendering layout layouts/application.html.erb
  Rendering pages/home.html.erb within layouts/application
  Rendered pages/home.html.erb within layouts/application (Duration: 0.4ms | Allocations: 217)
[Webpacker] Everything's up-to-date. Nothing to do
  Rendered layout layouts/application.html.erb (Duration: 599.8ms | Allocations: 80138)
Completed 200 OK in 616ms (Views: 608.7ms | ActiveRecord: 0.0ms | Allocations: 82827)


